c:\users\dobr0\onedrive\desktop\cg\cg 1 laba\x64\debug\vc143.pdb
c:\users\dobr0\onedrive\desktop\cg\cg 1 laba\x64\debug\vc143.idb
c:\users\dobr0\onedrive\desktop\cg\cg 1 laba\x64\debug\main.obj
c:\users\dobr0\onedrive\desktop\cg\cg 1 laba\x64\debug\inputdevice.obj
c:\users\dobr0\onedrive\desktop\cg\cg 1 laba\x64\debug\gamecomponent.obj
c:\users\dobr0\onedrive\desktop\cg\cg 1 laba\x64\debug\game.obj
c:\users\dobr0\onedrive\desktop\cg\cg 1 laba\x64\debug\displaywin32.obj
c:\users\dobr0\onedrive\desktop\cg\cg 1 laba\x64\debug\delegates.obj
c:\users\dobr0\onedrive\desktop\cg\cg 1 laba\x64\debug\boxgamecomponent.obj
c:\users\dobr0\onedrive\desktop\cg\cg 1 laba\x64\debug\gamestick.obj
c:\users\dobr0\onedrive\desktop\cg\cg 1 laba\x64\debug\pong.obj
c:\users\dobr0\onedrive\desktop\cg\cg 1 laba\x64\debug\gameball.obj
c:\users\dobr0\onedrive\desktop\cg\x64\debug\xapobaseredist.pdb
c:\users\dobr0\onedrive\desktop\cg\x64\debug\xaudio2_9redist.pdb
c:\users\dobr0\onedrive\desktop\cg\x64\debug\xaudio2_9redist.dll
c:\users\dobr0\onedrive\desktop\cg\x64\debug\cg 1 laba.exe
c:\users\dobr0\onedrive\desktop\cg\x64\debug\cg 1 laba.pdb
c:\users\dobr0\onedrive\desktop\cg\cg 1 laba\x64\debug\cg 1 laba.ilk
c:\users\dobr0\onedrive\desktop\cg\cg 1 laba\x64\debug\cg 1 laba.tlog\cl.command.1.tlog
c:\users\dobr0\onedrive\desktop\cg\cg 1 laba\x64\debug\cg 1 laba.tlog\cl.items.tlog
c:\users\dobr0\onedrive\desktop\cg\cg 1 laba\x64\debug\cg 1 laba.tlog\cl.read.1.tlog
c:\users\dobr0\onedrive\desktop\cg\cg 1 laba\x64\debug\cg 1 laba.tlog\cl.write.1.tlog
c:\users\dobr0\onedrive\desktop\cg\cg 1 laba\x64\debug\cg 1 laba.tlog\copylocal.read.1u.tlog
c:\users\dobr0\onedrive\desktop\cg\cg 1 laba\x64\debug\cg 1 laba.tlog\copylocal.write.1u.tlog
c:\users\dobr0\onedrive\desktop\cg\cg 1 laba\x64\debug\cg 1 laba.tlog\fxc.command.1.tlog
c:\users\dobr0\onedrive\desktop\cg\cg 1 laba\x64\debug\cg 1 laba.tlog\fxc.read.1.tlog
c:\users\dobr0\onedrive\desktop\cg\cg 1 laba\x64\debug\cg 1 laba.tlog\link.command.1.tlog
c:\users\dobr0\onedrive\desktop\cg\cg 1 laba\x64\debug\cg 1 laba.tlog\link.read.1.tlog
c:\users\dobr0\onedrive\desktop\cg\cg 1 laba\x64\debug\cg 1 laba.tlog\link.secondary.1.tlog
c:\users\dobr0\onedrive\desktop\cg\cg 1 laba\x64\debug\cg 1 laba.tlog\link.write.1.tlog
